<?xml version="1.0" encoding="UTF-8"?>
<!-- Generated by org.testng.reporters.JUnitReportReporter -->
<testsuite skipped="0" hostname="nsanku" name="automationSuite.Trail" tests="1" failures="0" timestamp="16 Sep 2018 15:12:16 GMT" time="6.507" errors="0">
  <testcase name="f" time="6.507" classname="automationSuite.Trail"/>
</testsuite> <!-- automationSuite.Trail -->
